c:\users\graem\desktop\graphics\projects\rigidbodies\x64\debug\vc143.pdb
c:\users\graem\desktop\graphics\projects\rigidbodies\x64\debug\vc143.idb
c:\users\graem\desktop\graphics\projects\rigidbodies\x64\debug\rigidbodies.obj
c:\users\graem\desktop\graphics\projects\rigidbodies\x64\debug\rigidbodies.pdb
c:\users\graem\desktop\graphics\projects\rigidbodies\x64\debug\rigidbodies.tlog\cl.command.1.tlog
c:\users\graem\desktop\graphics\projects\rigidbodies\x64\debug\rigidbodies.tlog\cl.items.tlog
c:\users\graem\desktop\graphics\projects\rigidbodies\x64\debug\rigidbodies.tlog\cl.read.1.tlog
c:\users\graem\desktop\graphics\projects\rigidbodies\x64\debug\rigidbodies.tlog\cl.write.1.tlog
c:\users\graem\desktop\graphics\projects\rigidbodies\x64\debug\rigidbodies.tlog\link-cvtres.read.1.tlog
c:\users\graem\desktop\graphics\projects\rigidbodies\x64\debug\rigidbodies.tlog\link-cvtres.write.1.tlog
c:\users\graem\desktop\graphics\projects\rigidbodies\x64\debug\rigidbodies.tlog\link-rc.read.1.tlog
c:\users\graem\desktop\graphics\projects\rigidbodies\x64\debug\rigidbodies.tlog\link-rc.write.1.tlog
c:\users\graem\desktop\graphics\projects\rigidbodies\x64\debug\rigidbodies.tlog\link.10808-cvtres.read.1.tlog
c:\users\graem\desktop\graphics\projects\rigidbodies\x64\debug\rigidbodies.tlog\link.10808-cvtres.write.1.tlog
c:\users\graem\desktop\graphics\projects\rigidbodies\x64\debug\rigidbodies.tlog\link.10808-rc.read.1.tlog
c:\users\graem\desktop\graphics\projects\rigidbodies\x64\debug\rigidbodies.tlog\link.10808-rc.write.1.tlog
c:\users\graem\desktop\graphics\projects\rigidbodies\x64\debug\rigidbodies.tlog\link.10808.read.1.tlog
c:\users\graem\desktop\graphics\projects\rigidbodies\x64\debug\rigidbodies.tlog\link.10808.read.2.tlog
c:\users\graem\desktop\graphics\projects\rigidbodies\x64\debug\rigidbodies.tlog\link.10808.write.1.tlog
c:\users\graem\desktop\graphics\projects\rigidbodies\x64\debug\rigidbodies.tlog\link.command.1.tlog
c:\users\graem\desktop\graphics\projects\rigidbodies\x64\debug\rigidbodies.tlog\link.read.1.tlog
c:\users\graem\desktop\graphics\projects\rigidbodies\x64\debug\rigidbodies.tlog\link.read.2.tlog
c:\users\graem\desktop\graphics\projects\rigidbodies\x64\debug\rigidbodies.tlog\link.write.1.tlog
